2021-03-14 15:40:01.591 [main] INFO  calculator.Calculator - [SQ ROOT] - 3.0
2021-03-14 15:40:01.595 [main] INFO  calculator.Calculator - [RESULT - SQ ROOT] - 1.7320508075688772
2021-03-14 15:40:01.596 [main] INFO  calculator.Calculator - [SQ ROOT] - 4.0
2021-03-14 15:40:01.596 [main] INFO  calculator.Calculator - [RESULT - SQ ROOT] - 2.0
2021-03-14 15:40:01.597 [main] INFO  calculator.Calculator - [NATURAL LOG] - 1.0
2021-03-14 15:40:01.597 [main] INFO  calculator.Calculator - [RESULT - NATURAL LOG] - 0.0
2021-03-14 15:40:01.597 [main] INFO  calculator.Calculator - [NATURAL LOG] - 1.0
2021-03-14 15:40:01.598 [main] INFO  calculator.Calculator - [RESULT - NATURAL LOG] - 0.0
2021-03-14 15:40:01.599 [main] INFO  calculator.Calculator - [POWER - 2.0 RAISED TO] 2.0
2021-03-14 15:40:01.599 [main] INFO  calculator.Calculator - [RESULT - POWER] - 4.0
2021-03-14 15:40:01.599 [main] INFO  calculator.Calculator - [POWER - 2.0 RAISED TO] 3.0
2021-03-14 15:40:01.599 [main] INFO  calculator.Calculator - [RESULT - POWER] - 8.0
2021-03-14 15:40:01.600 [main] INFO  calculator.Calculator - [POWER - 2.0 RAISED TO] 3.0
2021-03-14 15:40:01.600 [main] INFO  calculator.Calculator - [RESULT - POWER] - 8.0
2021-03-14 15:40:01.600 [main] INFO  calculator.Calculator - [POWER - 4.0 RAISED TO] 3.0
2021-03-14 15:40:01.600 [main] INFO  calculator.Calculator - [RESULT - POWER] - 64.0
2021-03-14 15:40:01.601 [main] INFO  calculator.Calculator - [NATURAL LOG] - 2.4
2021-03-14 15:40:01.601 [main] INFO  calculator.Calculator - [RESULT - NATURAL LOG] - 0.8754687373538999
2021-03-14 15:40:01.601 [main] INFO  calculator.Calculator - [NATURAL LOG] - 2.1
2021-03-14 15:40:01.601 [main] INFO  calculator.Calculator - [RESULT - NATURAL LOG] - 0.7419373447293773
2021-03-14 15:40:01.602 [main] INFO  calculator.Calculator - [SQ ROOT] - 4.0
2021-03-14 15:40:01.602 [main] INFO  calculator.Calculator - [RESULT - SQ ROOT] - 2.0
2021-03-14 15:40:01.602 [main] INFO  calculator.Calculator - [SQ ROOT] - 1.0
2021-03-14 15:40:01.603 [main] INFO  calculator.Calculator - [RESULT - SQ ROOT] - 1.0
2022-04-12 19:58:07.869 [main] INFO  calculator.Calculator - [SQ ROOT] - 3.0
2022-04-12 19:58:07.871 [main] INFO  calculator.Calculator - [RESULT - SQ ROOT] - 1.7320508075688772
2022-04-12 19:58:07.871 [main] INFO  calculator.Calculator - [SQ ROOT] - 4.0
2022-04-12 19:58:07.871 [main] INFO  calculator.Calculator - [RESULT - SQ ROOT] - 2.0
2022-04-12 19:58:07.872 [main] INFO  calculator.Calculator - [NATURAL LOG] - 1.0
2022-04-12 19:58:07.872 [main] INFO  calculator.Calculator - [RESULT - NATURAL LOG] - 0.0
2022-04-12 19:58:07.872 [main] INFO  calculator.Calculator - [NATURAL LOG] - 1.0
2022-04-12 19:58:07.872 [main] INFO  calculator.Calculator - [RESULT - NATURAL LOG] - 0.0
2022-04-12 19:58:07.873 [main] INFO  calculator.Calculator - [POWER - 2.0 RAISED TO] 2.0
2022-04-12 19:58:07.873 [main] INFO  calculator.Calculator - [RESULT - POWER] - 4.0
2022-04-12 19:58:07.873 [main] INFO  calculator.Calculator - [POWER - 2.0 RAISED TO] 3.0
2022-04-12 19:58:07.873 [main] INFO  calculator.Calculator - [RESULT - POWER] - 8.0
2022-04-12 19:58:07.874 [main] INFO  calculator.Calculator - [POWER - 2.0 RAISED TO] 3.0
2022-04-12 19:58:07.874 [main] INFO  calculator.Calculator - [RESULT - POWER] - 8.0
2022-04-12 19:58:07.874 [main] INFO  calculator.Calculator - [POWER - 4.0 RAISED TO] 3.0
2022-04-12 19:58:07.874 [main] INFO  calculator.Calculator - [RESULT - POWER] - 64.0
2022-04-12 19:58:07.875 [main] INFO  calculator.Calculator - [NATURAL LOG] - 2.4
2022-04-12 19:58:07.875 [main] INFO  calculator.Calculator - [RESULT - NATURAL LOG] - 0.8754687373538999
2022-04-12 19:58:07.875 [main] INFO  calculator.Calculator - [NATURAL LOG] - 2.1
2022-04-12 19:58:07.875 [main] INFO  calculator.Calculator - [RESULT - NATURAL LOG] - 0.7419373447293773
2022-04-12 19:58:07.875 [main] INFO  calculator.Calculator - [SQ ROOT] - 4.0
2022-04-12 19:58:07.876 [main] INFO  calculator.Calculator - [RESULT - SQ ROOT] - 2.0
2022-04-12 19:58:07.876 [main] INFO  calculator.Calculator - [SQ ROOT] - 1.0
2022-04-12 19:58:07.876 [main] INFO  calculator.Calculator - [RESULT - SQ ROOT] - 1.0
2022-04-12 22:06:30.461 [main] INFO  calculator.Calculator - [SQ ROOT] - 3.0
2022-04-12 22:06:30.793 [main] INFO  calculator.Calculator - [RESULT - SQ ROOT] - 1.7320508075688772
2022-04-12 22:06:30.797 [main] INFO  calculator.Calculator - [SQ ROOT] - 4.0
2022-04-12 22:06:30.798 [main] INFO  calculator.Calculator - [RESULT - SQ ROOT] - 2.0
2022-04-12 22:06:30.809 [main] INFO  calculator.Calculator - [NATURAL LOG] - 1.0
2022-04-12 22:06:30.810 [main] INFO  calculator.Calculator - [RESULT - NATURAL LOG] - 0.0
2022-04-12 22:06:30.810 [main] INFO  calculator.Calculator - [NATURAL LOG] - 1.0
2022-04-12 22:06:30.811 [main] INFO  calculator.Calculator - [RESULT - NATURAL LOG] - 0.0
2022-04-12 22:06:30.813 [main] INFO  calculator.Calculator - [POWER - 2.0 RAISED TO] 2.0
2022-04-12 22:06:30.814 [main] INFO  calculator.Calculator - [RESULT - POWER] - 4.0
2022-04-12 22:06:30.816 [main] INFO  calculator.Calculator - [POWER - 2.0 RAISED TO] 3.0
2022-04-12 22:06:30.816 [main] INFO  calculator.Calculator - [RESULT - POWER] - 8.0
2022-04-12 22:06:30.820 [main] INFO  calculator.Calculator - [POWER - 2.0 RAISED TO] 3.0
2022-04-12 22:06:30.821 [main] INFO  calculator.Calculator - [RESULT - POWER] - 8.0
2022-04-12 22:06:30.822 [main] INFO  calculator.Calculator - [POWER - 4.0 RAISED TO] 3.0
2022-04-12 22:06:30.822 [main] INFO  calculator.Calculator - [RESULT - POWER] - 64.0
2022-04-12 22:06:30.825 [main] INFO  calculator.Calculator - [NATURAL LOG] - 2.4
2022-04-12 22:06:30.828 [main] INFO  calculator.Calculator - [RESULT - NATURAL LOG] - 0.8754687373538999
2022-04-12 22:06:30.829 [main] INFO  calculator.Calculator - [NATURAL LOG] - 2.1
2022-04-12 22:06:30.830 [main] INFO  calculator.Calculator - [RESULT - NATURAL LOG] - 0.7419373447293773
2022-04-12 22:06:30.841 [main] INFO  calculator.Calculator - [SQ ROOT] - 4.0
2022-04-12 22:06:30.842 [main] INFO  calculator.Calculator - [RESULT - SQ ROOT] - 2.0
2022-04-12 22:06:30.843 [main] INFO  calculator.Calculator - [SQ ROOT] - 1.0
2022-04-12 22:06:30.844 [main] INFO  calculator.Calculator - [RESULT - SQ ROOT] - 1.0
2022-04-12 22:25:34.417 [main] INFO  calculator.Calculator - [SQ ROOT] - 3.0
2022-04-12 22:25:34.425 [main] INFO  calculator.Calculator - [RESULT - SQ ROOT] - 1.7320508075688772
2022-04-12 22:25:34.426 [main] INFO  calculator.Calculator - [SQ ROOT] - 4.0
2022-04-12 22:25:34.426 [main] INFO  calculator.Calculator - [RESULT - SQ ROOT] - 2.0
2022-04-12 22:25:34.427 [main] INFO  calculator.Calculator - [NATURAL LOG] - 1.0
2022-04-12 22:25:34.428 [main] INFO  calculator.Calculator - [RESULT - NATURAL LOG] - 0.0
2022-04-12 22:25:34.428 [main] INFO  calculator.Calculator - [NATURAL LOG] - 1.0
2022-04-12 22:25:34.429 [main] INFO  calculator.Calculator - [RESULT - NATURAL LOG] - 0.0
2022-04-12 22:25:34.430 [main] INFO  calculator.Calculator - [POWER - 2.0 RAISED TO] 2.0
2022-04-12 22:25:34.431 [main] INFO  calculator.Calculator - [RESULT - POWER] - 4.0
2022-04-12 22:25:34.431 [main] INFO  calculator.Calculator - [POWER - 2.0 RAISED TO] 3.0
2022-04-12 22:25:34.431 [main] INFO  calculator.Calculator - [RESULT - POWER] - 8.0
2022-04-12 22:25:34.433 [main] INFO  calculator.Calculator - [POWER - 2.0 RAISED TO] 3.0
2022-04-12 22:25:34.433 [main] INFO  calculator.Calculator - [RESULT - POWER] - 8.0
2022-04-12 22:25:34.434 [main] INFO  calculator.Calculator - [POWER - 4.0 RAISED TO] 3.0
2022-04-12 22:25:34.434 [main] INFO  calculator.Calculator - [RESULT - POWER] - 64.0
2022-04-12 22:25:34.435 [main] INFO  calculator.Calculator - [NATURAL LOG] - 2.4
2022-04-12 22:25:34.436 [main] INFO  calculator.Calculator - [RESULT - NATURAL LOG] - 0.8754687373538999
2022-04-12 22:25:34.436 [main] INFO  calculator.Calculator - [NATURAL LOG] - 2.1
2022-04-12 22:25:34.436 [main] INFO  calculator.Calculator - [RESULT - NATURAL LOG] - 0.7419373447293773
2022-04-12 22:25:34.437 [main] INFO  calculator.Calculator - [SQ ROOT] - 4.0
2022-04-12 22:25:34.437 [main] INFO  calculator.Calculator - [RESULT - SQ ROOT] - 2.0
2022-04-12 22:25:34.438 [main] INFO  calculator.Calculator - [SQ ROOT] - 1.0
2022-04-12 22:25:34.438 [main] INFO  calculator.Calculator - [RESULT - SQ ROOT] - 1.0
2022-04-12 22:27:09.078 [main] INFO  calculator.Calculator - [SQ ROOT] - 3.0
2022-04-12 22:27:09.081 [main] INFO  calculator.Calculator - [RESULT - SQ ROOT] - 1.7320508075688772
2022-04-12 22:27:09.082 [main] INFO  calculator.Calculator - [SQ ROOT] - 4.0
2022-04-12 22:27:09.082 [main] INFO  calculator.Calculator - [RESULT - SQ ROOT] - 2.0
2022-04-12 22:27:09.083 [main] INFO  calculator.Calculator - [NATURAL LOG] - 1.0
2022-04-12 22:27:09.083 [main] INFO  calculator.Calculator - [RESULT - NATURAL LOG] - 0.0
2022-04-12 22:27:09.084 [main] INFO  calculator.Calculator - [NATURAL LOG] - 1.0
2022-04-12 22:27:09.084 [main] INFO  calculator.Calculator - [RESULT - NATURAL LOG] - 0.0
2022-04-12 22:27:09.086 [main] INFO  calculator.Calculator - [POWER - 2.0 RAISED TO] 2.0
2022-04-12 22:27:09.086 [main] INFO  calculator.Calculator - [RESULT - POWER] - 4.0
2022-04-12 22:27:09.086 [main] INFO  calculator.Calculator - [POWER - 2.0 RAISED TO] 3.0
2022-04-12 22:27:09.087 [main] INFO  calculator.Calculator - [RESULT - POWER] - 8.0
2022-04-12 22:27:09.088 [main] INFO  calculator.Calculator - [POWER - 2.0 RAISED TO] 3.0
2022-04-12 22:27:09.088 [main] INFO  calculator.Calculator - [RESULT - POWER] - 8.0
2022-04-12 22:27:09.088 [main] INFO  calculator.Calculator - [POWER - 4.0 RAISED TO] 3.0
2022-04-12 22:27:09.088 [main] INFO  calculator.Calculator - [RESULT - POWER] - 64.0
2022-04-12 22:27:09.089 [main] INFO  calculator.Calculator - [NATURAL LOG] - 2.4
2022-04-12 22:27:09.089 [main] INFO  calculator.Calculator - [RESULT - NATURAL LOG] - 0.8754687373538999
2022-04-12 22:27:09.090 [main] INFO  calculator.Calculator - [NATURAL LOG] - 2.1
2022-04-12 22:27:09.090 [main] INFO  calculator.Calculator - [RESULT - NATURAL LOG] - 0.7419373447293773
2022-04-12 22:27:09.091 [main] INFO  calculator.Calculator - [SQ ROOT] - 4.0
2022-04-12 22:27:09.091 [main] INFO  calculator.Calculator - [RESULT - SQ ROOT] - 2.0
2022-04-12 22:27:09.091 [main] INFO  calculator.Calculator - [SQ ROOT] - 1.0
2022-04-12 22:27:09.091 [main] INFO  calculator.Calculator - [RESULT - SQ ROOT] - 1.0
2022-04-12 22:28:14.699 [main] INFO  calculator.Calculator - [SQ ROOT] - 3.0
2022-04-12 22:28:14.703 [main] INFO  calculator.Calculator - [RESULT - SQ ROOT] - 1.7320508075688772
2022-04-12 22:28:14.704 [main] INFO  calculator.Calculator - [SQ ROOT] - 4.0
2022-04-12 22:28:14.704 [main] INFO  calculator.Calculator - [RESULT - SQ ROOT] - 2.0
2022-04-12 22:28:14.705 [main] INFO  calculator.Calculator - [NATURAL LOG] - 1.0
2022-04-12 22:28:14.705 [main] INFO  calculator.Calculator - [RESULT - NATURAL LOG] - 0.0
2022-04-12 22:28:14.706 [main] INFO  calculator.Calculator - [NATURAL LOG] - 1.0
2022-04-12 22:28:14.706 [main] INFO  calculator.Calculator - [RESULT - NATURAL LOG] - 0.0
2022-04-12 22:28:14.707 [main] INFO  calculator.Calculator - [POWER - 2.0 RAISED TO] 2.0
2022-04-12 22:28:14.707 [main] INFO  calculator.Calculator - [RESULT - POWER] - 4.0
2022-04-12 22:28:14.707 [main] INFO  calculator.Calculator - [POWER - 2.0 RAISED TO] 3.0
2022-04-12 22:28:14.708 [main] INFO  calculator.Calculator - [RESULT - POWER] - 8.0
2022-04-12 22:28:14.708 [main] INFO  calculator.Calculator - [POWER - 2.0 RAISED TO] 3.0
2022-04-12 22:28:14.709 [main] INFO  calculator.Calculator - [RESULT - POWER] - 8.0
2022-04-12 22:28:14.709 [main] INFO  calculator.Calculator - [POWER - 4.0 RAISED TO] 3.0
2022-04-12 22:28:14.709 [main] INFO  calculator.Calculator - [RESULT - POWER] - 64.0
2022-04-12 22:28:14.710 [main] INFO  calculator.Calculator - [NATURAL LOG] - 2.4
2022-04-12 22:28:14.710 [main] INFO  calculator.Calculator - [RESULT - NATURAL LOG] - 0.8754687373538999
2022-04-12 22:28:14.711 [main] INFO  calculator.Calculator - [NATURAL LOG] - 2.1
2022-04-12 22:28:14.711 [main] INFO  calculator.Calculator - [RESULT - NATURAL LOG] - 0.7419373447293773
2022-04-12 22:28:14.711 [main] INFO  calculator.Calculator - [SQ ROOT] - 4.0
2022-04-12 22:28:14.712 [main] INFO  calculator.Calculator - [RESULT - SQ ROOT] - 2.0
2022-04-12 22:28:14.712 [main] INFO  calculator.Calculator - [SQ ROOT] - 1.0
2022-04-12 22:28:14.712 [main] INFO  calculator.Calculator - [RESULT - SQ ROOT] - 1.0
